/home/lmh/state_lattice_test_with_py/install/state_lattice/lib/python3.10/site-packages/state_lattice/global_path.py
/home/lmh/state_lattice_test_with_py/install/state_lattice/lib/python3.10/site-packages/state_lattice/state_lattice_planner.py
/home/lmh/state_lattice_test_with_py/install/state_lattice/lib/python3.10/site-packages/state_lattice/__init__.py
/home/lmh/state_lattice_test_with_py/install/state_lattice/lib/python3.10/site-packages/state_lattice/cubic_hermit_planner.py
/home/lmh/state_lattice_test_with_py/install/state_lattice/lib/python3.10/site-packages/state_lattice/cartesian_frenet_conversion.py
/home/lmh/state_lattice_test_with_py/install/state_lattice/lib/python3.10/site-packages/state_lattice/lookup_table_generator.py
/home/lmh/state_lattice_test_with_py/install/state_lattice/lib/python3.10/site-packages/state_lattice/__pycache__/global_path.cpython-310.pyc
/home/lmh/state_lattice_test_with_py/install/state_lattice/lib/python3.10/site-packages/state_lattice/__pycache__/state_lattice_planner.cpython-310.pyc
/home/lmh/state_lattice_test_with_py/install/state_lattice/lib/python3.10/site-packages/state_lattice/__pycache__/__init__.cpython-310.pyc
/home/lmh/state_lattice_test_with_py/install/state_lattice/lib/python3.10/site-packages/state_lattice/__pycache__/cubic_hermit_planner.cpython-310.pyc
/home/lmh/state_lattice_test_with_py/install/state_lattice/lib/python3.10/site-packages/state_lattice/__pycache__/cartesian_frenet_conversion.cpython-310.pyc
/home/lmh/state_lattice_test_with_py/install/state_lattice/lib/python3.10/site-packages/state_lattice/__pycache__/lookup_table_generator.cpython-310.pyc
/home/lmh/state_lattice_test_with_py/install/state_lattice/share/ament_index/resource_index/packages/state_lattice
/home/lmh/state_lattice_test_with_py/install/state_lattice/share/state_lattice/package.xml
/home/lmh/state_lattice_test_with_py/install/state_lattice/lib/python3.10/site-packages/state_lattice-0.0.0-py3.10.egg-info/zip-safe
/home/lmh/state_lattice_test_with_py/install/state_lattice/lib/python3.10/site-packages/state_lattice-0.0.0-py3.10.egg-info/SOURCES.txt
/home/lmh/state_lattice_test_with_py/install/state_lattice/lib/python3.10/site-packages/state_lattice-0.0.0-py3.10.egg-info/PKG-INFO
/home/lmh/state_lattice_test_with_py/install/state_lattice/lib/python3.10/site-packages/state_lattice-0.0.0-py3.10.egg-info/entry_points.txt
/home/lmh/state_lattice_test_with_py/install/state_lattice/lib/python3.10/site-packages/state_lattice-0.0.0-py3.10.egg-info/requires.txt
/home/lmh/state_lattice_test_with_py/install/state_lattice/lib/python3.10/site-packages/state_lattice-0.0.0-py3.10.egg-info/dependency_links.txt
/home/lmh/state_lattice_test_with_py/install/state_lattice/lib/python3.10/site-packages/state_lattice-0.0.0-py3.10.egg-info/top_level.txt
